Device info:
Manufacturer: Nikon Corporation
  Model: NIKON DSC COOLPIX A900
  device version: COOLPIX A900   V1.4
  serial number: '0000nnnnnnnn'
Vendor extension ID: 0x0000000a
Vendor extension version: 100
Vendor extension description: microsoft.com: 1.0; microsoft.com/DeviceServices:1.0;
Functional Mode: 0x0000
PTP Standard Version: 100
Supported operations:
  0x1001 (Get device info)
  0x1002 (Open session)
  0x1003 (Close session)
  0x1004 (Get storage IDs)
  0x1005 (Get storage info)
  0x1006 (Get number of objects)
  0x1007 (Get object handles)
  0x1008 (Get object info)
  0x1009 (Get object)
  0x100a (Get thumbnail)
  0x100b (Delete object)
  0x100c (Send object info)
  0x100d (Send object)
  0x100e (Initiate capture)
  0x100f (Format storage)
  0x1014 (Get device property description)
  0x1015 (Get device property value)
  0x1016 (Set device property value)
  0x101b (Get partial object)
  0x90c1 (PTP_OC_NIKON_AfDrive)
  0x90c2 (PTP_OC_NIKON_SetControlMode)
  0x90c4 (PTP_OC_NIKON_GetLargeThumb)
  0x941c (Unknown PTP_OC)
  0x90c8 (PTP_OC_NIKON_DeviceReady)
  0x9016 (Unknown PTP_OC)
  0x9201 (PTP_OC_NIKON_StartLiveView)
  0x9202 (PTP_OC_NIKON_EndLiveView)
  0x9203 (PTP_OC_NIKON_GetLiveViewImg)
  0x9205 (PTP_OC_NIKON_ChangeAfArea)
  0x9207 (PTP_OC_NIKON_InitiateCaptureRecInMedia)
  0x941e (Unknown PTP_OC)
  0x9520 (Unknown PTP_OC)
  0x9521 (Unknown PTP_OC)
  0x9522 (Unknown PTP_OC)
  0x9801 (Unknown PTP_OC)
  0x9802 (Unknown PTP_OC)
  0x9803 (Unknown PTP_OC)
  0x9805 (Unknown PTP_OC)
Events Supported:
  0x4001 (CancelTransaction)
  0x4002 (ObjectAdded)
  0x4003 (ObjectRemoved)
  0x4004 (StoreAdded)
  0x4005 (StoreRemoved)
  0x4006 (DevicePropChanged)
  0x4007 (ObjectInfoChanged)
  0x4008 (DeviceInfoChanged)
  0x4009 (RequestObjectTransfer)
  0x400a (StoreFull)
  0x400c (StorageInfoChanged)
  0x400d (CaptureComplete)
  0xc700 (Unknown Event)
Device Properties Supported:
  0x5001 (Battery Level)
  0x5007 (F-Number)
  0x5008 (Focal Length)
  0x500a (Focus Mode)
  0x500e (Exposure Program Mode)
  0x500f (Exposure Index (film speed ISO))
  0x5010 (Exposure Bias Compensation)
  0x5011 (Date & Time)
  0x5013 (Still Capture Mode)
  0xd05d (Live View AF Area)
  0xd0e1 (Lens Sort)
  0xd0e3 (Min. Focal Length)
  0xd0e4 (Max. Focal Length)
  0xd100 (Nikon Exposure Time)
  0xd1a2 (Live View Status)
  0xd1a4 (Live View Prohibit Condition)
  0xd1f1 (Unknown DPC code)
  0xd407 (Unknown DPC code)
  0xd303 (Unknown DPC code)
