Manufacturer: OLYMPUS
Model: VR360,D760
  Version: 1.00
  Serial Number: UMS026268
Vendor Extension ID: 0x6 (1.0)

Capture Formats: JPEG MS AVI DPOF Association/Directory MS Wave 
Unknown(b101)
Display Formats: JPEG, MS AVI, DPOF, Association/Directory, MS Wave,
Unknown(b101)
Supported MTP Object Properties:
JPEG/3801: dc01/StorageID dc02/ObjectFormat dc03/ProtectionStatus 
dc04/ObjectSize dc07/ObjectFileName dc0b/ParentObject 
dc41/PersistantUniqueObjectIdentifier dc44/Name dc87/Width dc88/Height
dcd3/ImageBitDepth dc81/RepresentativeSampleFormat
dc82/RepresentativeSampleSize dc83/RepresentativeSampleHeight
dc84/RepresentativeSampleWidth dc86/RepresentativeSampleData
MS AVI/300a: dc01/StorageID dc02/ObjectFormat dc03/ProtectionStatus
dc04/ObjectSize dc07/ObjectFileName dc0b/ParentObject
dc41/PersistantUniqueObjectIdentifier dc44/Name
dc81/RepresentativeSampleFormat dc82/RepresentativeSampleSize
dc83/RepresentativeSampleHeight dc84/RepresentativeSampleWidth
dc86/RepresentativeSampleData dc87/Width dc88/Height dc89/Duration
de93/SampleRate de94/NumberOfChannels de97/ScanDepth de9a/AudioBitRate
de9b/VideoFourCCCodec de9c/VideoBitRate
DPOF/3006: dc01/StorageID dc02/ObjectFormat dc03/ProtectionStatus 
dc04/ObjectSize dc07/ObjectFileName dc0b/ParentObject
dc41/PersistantUniqueObjectIdentifier dc44/Name
Association/Directory/3001: dc01/StorageID dc02/ObjectFormat
dc03/ProtectionStatus dc04/ObjectSize dc07/ObjectFileName dc0b/ParentObject
dc41/PersistantUniqueObjectIdentifier dc44/Name
MS Wave/3008: dc01/StorageID dc02/ObjectFormat dc03/ProtectionStatus
dc04/ObjectSize dc07/ObjectFileName dc0b/ParentObject
dc41/PersistantUniqueObjectIdentifier dc44/Name dc89/Duration
de93/SampleRate de94/NumberOfChannels de9a/AudioBitRate
Unknown(b101)/b101: dc01/StorageID dc02/ObjectFormat dc03/ProtectionStatus 
dc04/ObjectSize dc07/ObjectFileName dc0b/ParentObject
dc41/PersistantUniqueObjectIdentifier dc44/Name dc87/Width dc88/Height
dcd3/ImageBitDepth dc81/RepresentativeSampleFormat
dc82/RepresentativeSampleSize dc83/RepresentativeSampleHeight
dc84/RepresentativeSampleWidth dc86/RepresentativeSampleData

Device Capabilities:
File Download, File Deletion, No File Upload
No Image Capture, No Open Capture, No vendor specific capture

Storage Devices Summary:  
store_00010001:
StorageDescription: None
VolumeLabel: None
Storage Type: Removable RAM (memory card)
Filesystemtype: Digital Camera Layout (DCIM)
Access Capability: Read-Write
Maximum Capability: 7939817472 (7572 MB)
Free Space (Bytes): 4467687424 (4260 MB)
Free Space (Images): -1

Device Property Summary:
Battery Level(0x5001):(read only) (type=0x2) Range [1 - 100, step 1] value:
25% (25)
Date & Time(0x5011):(readwrite) (type=0xffff) '20170709T221109'
Device Icon(0xd405):(read only) (type=0x0) Undefined 
Perceived Device Type(0xd407):(read only) (type=0x6) 1


Device info:
Manufacturer: OLYMPUS
  Model: VR360,D760
  device version: 1.00
  serial number: 'UMSnnnnnn'
Vendor extension ID: 0x00000006
Vendor extension version: 100
Vendor extension description: (null)
Functional Mode: 0x0000
PTP Standard Version: 100
Supported operations:
  0x1001 (Get device info)
  0x1002 (Open session)
  0x1003 (Close session)
  0x1004 (Get storage IDs)
  0x1005 (Get storage info)
  0x1006 (Get number of objects)
  0x1007 (Get object handles)
  0x1008 (Get object info)
  0x1009 (Get object)
  0x100a (Get thumbnail)
  0x100b (Delete object)
  0x1014 (Get device property description)
  0x1015 (Get device property value)
  0x1016 (Set device property value)
  0x101b (Get partial object)
  0x100f (Format storage)
  0x9801 (Get object properties supported)
  0x9802 (Get object property description)
  0x9803 (Get object property value)
  0x9805 (Get object property list)
Events Supported:
  0x4004
  0x4005
  0x4009
Device Properties Supported:
  0x5001
  0x5011
  0xd405
  0xd407
